[2024-08-24 00:18:13,649:INFO:common:yaml file: config\config.yaml loaded successfully]
[2024-08-24 00:18:13,675:INFO:common:yaml file: params.yaml loaded successfully]
[2024-08-24 00:18:13,682:INFO:common:created directory at: artifacts]
[2024-08-24 00:18:13,688:INFO:common:created directory at: artifacts/data_ingestion]
[2024-08-24 00:18:22,122:INFO:4037744573:artifacts/data_ingestion/data.zip download! with following info: 
Connection: close
Content-Length: 11616915
Cache-Control: max-age=300
Content-Security-Policy: default-src 'none'; style-src 'unsafe-inline'; sandbox
Content-Type: application/zip
ETag: "adf745abc03891fe493c3be264ec012691fe3fa21d861f35a27edbe6d86a76b1"
Strict-Transport-Security: max-age=31536000
X-Content-Type-Options: nosniff
X-Frame-Options: deny
X-XSS-Protection: 1; mode=block
X-GitHub-Request-Id: B836:2C1757:E697D:12015F:66C8D96D
Accept-Ranges: bytes
Date: Fri, 23 Aug 2024 18:48:14 GMT
Via: 1.1 varnish
X-Served-By: cache-maa10236-MAA
X-Cache: MISS
X-Cache-Hits: 0
X-Timer: S1724438894.965053,VS0,VE933
Vary: Authorization,Accept-Encoding,Origin
Access-Control-Allow-Origin: *
Cross-Origin-Resource-Policy: cross-origin
X-Fastly-Request-ID: bc1ce9515957157ad62c02a019edca8c5bb54708
Expires: Fri, 23 Aug 2024 18:53:14 GMT
Source-Age: 1

]
